<?xml version="1.0" encoding="UTF-8"?>
<TestRun id="8c806885-7fb2-4f86-b0db-6a766afc1cd1" name="jhaveard@DONZI 2011-05-14 10:50:10" runUser="donzi\jhaveard" xmlns="http://microsoft.com/schemas/VisualStudio/TeamTest/2010">
  <TestSettings name="Local" id="9712338e-2f4b-4039-9438-e5d95e829e7e">
    <Description>These are default test settings for a local test run.</Description>
    <Deployment enabled="false" runDeploymentRoot="jhaveard_DONZI 2011-05-14 10_50_10" />
    <Execution>
      <TestTypeSpecific />
      <AgentRule name="Execution Agents">
      </AgentRule>
    </Execution>
  </TestSettings>
  <Times creation="2011-05-14T10:50:10.8393890-04:00" queuing="2011-05-14T10:50:12.4614818-04:00" start="2011-05-14T10:50:12.6364918-04:00" finish="2011-05-14T10:50:57.7980749-04:00" />
  <ResultSummary outcome="Completed">
    <Counters total="2" executed="2" passed="2" error="0" failed="0" timeout="0" aborted="0" inconclusive="0" passedButRunAborted="0" notRunnable="0" notExecuted="0" disconnected="0" warning="0" completed="0" inProgress="0" pending="0" />
  </ResultSummary>
  <TestDefinitions>
    <UnitTest name="TestMethod2" storage="c:\code\trunk\registrationserver\inspireregistationserver\testproject\bin\debug\testproject.dll" id="406ba890-327e-e1c2-468b-58a47238e470">
      <Execution id="43ce14bd-542e-47be-a204-bb0dfece960b" />
      <TestMethod codeBase="C:/CODE/trunk/RegistrationServer/InspireRegistationServer/TestProject/bin/Debug/TestProject.DLL" adapterTypeName="Microsoft.VisualStudio.TestTools.TestTypes.Unit.UnitTestAdapter, Microsoft.VisualStudio.QualityTools.Tips.UnitTest.Adapter, Version=10.0.0.0, Culture=neutral, PublicKeyToken=b03f5f7f11d50a3a" className="TestProject.UnitTest1, TestProject, Version=1.0.0.0, Culture=neutral, PublicKeyToken=null" name="TestMethod2" />
    </UnitTest>
    <UnitTest name="TestMethod1" storage="c:\code\trunk\registrationserver\inspireregistationserver\testproject\bin\debug\testproject.dll" id="24e109b5-ebac-7154-c0d0-91db5c99399f">
      <Execution id="7cc6b99d-03d0-4f72-b474-673d8f94c2d2" />
      <TestMethod codeBase="C:/CODE/trunk/RegistrationServer/InspireRegistationServer/TestProject/bin/Debug/TestProject.DLL" adapterTypeName="Microsoft.VisualStudio.TestTools.TestTypes.Unit.UnitTestAdapter, Microsoft.VisualStudio.QualityTools.Tips.UnitTest.Adapter, Version=10.0.0.0, Culture=neutral, PublicKeyToken=b03f5f7f11d50a3a" className="TestProject.UnitTest1, TestProject, Version=1.0.0.0, Culture=neutral, PublicKeyToken=null" name="TestMethod1" />
    </UnitTest>
  </TestDefinitions>
  <TestLists>
    <TestList name="Results Not in a List" id="8c84fa94-04c1-424b-9868-57a2d4851a1d" />
    <TestList name="All Loaded Results" id="19431567-8539-422a-85d7-44ee4e166bda" />
  </TestLists>
  <TestEntries>
    <TestEntry testId="24e109b5-ebac-7154-c0d0-91db5c99399f" executionId="7cc6b99d-03d0-4f72-b474-673d8f94c2d2" testListId="8c84fa94-04c1-424b-9868-57a2d4851a1d" />
    <TestEntry testId="406ba890-327e-e1c2-468b-58a47238e470" executionId="43ce14bd-542e-47be-a204-bb0dfece960b" testListId="8c84fa94-04c1-424b-9868-57a2d4851a1d" />
  </TestEntries>
  <Results>
    <UnitTestResult executionId="7cc6b99d-03d0-4f72-b474-673d8f94c2d2" testId="24e109b5-ebac-7154-c0d0-91db5c99399f" testName="TestMethod1" computerName="DONZI" duration="00:00:43.7731798" startTime="2011-05-14T10:50:12.8135019-04:00" endTime="2011-05-14T10:50:57.6830683-04:00" testType="13cdc9d9-ddb5-4fa4-a97d-d965ccfc6d4b" outcome="Passed" testListId="8c84fa94-04c1-424b-9868-57a2d4851a1d" relativeResultsDirectory="7cc6b99d-03d0-4f72-b474-673d8f94c2d2">
    </UnitTestResult>
    <UnitTestResult executionId="43ce14bd-542e-47be-a204-bb0dfece960b" testId="406ba890-327e-e1c2-468b-58a47238e470" testName="TestMethod2" computerName="DONZI" duration="00:00:00.0002882" startTime="2011-05-14T10:50:57.7000693-04:00" endTime="2011-05-14T10:50:57.7140701-04:00" testType="13cdc9d9-ddb5-4fa4-a97d-d965ccfc6d4b" outcome="Passed" testListId="8c84fa94-04c1-424b-9868-57a2d4851a1d" relativeResultsDirectory="43ce14bd-542e-47be-a204-bb0dfece960b">
    </UnitTestResult>
  </Results>
</TestRun>