<?xml version="1.0" encoding="UTF-8"?>
<TestRun id="c370642f-3505-43e6-8e87-2a0847bf6ea6" name="jhaveard@DONZI 2011-05-14 10:31:36" runUser="donzi\jhaveard" xmlns="http://microsoft.com/schemas/VisualStudio/TeamTest/2010">
  <TestSettings name="Local" id="9712338e-2f4b-4039-9438-e5d95e829e7e">
    <Description>These are default test settings for a local test run.</Description>
    <Deployment enabled="false" runDeploymentRoot="jhaveard_DONZI 2011-05-14 10_31_36" />
    <Execution>
      <TestTypeSpecific />
      <AgentRule name="Execution Agents">
      </AgentRule>
    </Execution>
  </TestSettings>
  <Times creation="2011-05-14T10:31:36.3236424-04:00" queuing="2011-05-14T10:31:38.1867489-04:00" start="2011-05-14T10:31:38.3807600-04:00" finish="2011-05-14T10:32:32.9388806-04:00" />
  <ResultSummary outcome="Completed">
    <Counters total="2" executed="2" passed="2" error="0" failed="0" timeout="0" aborted="0" inconclusive="0" passedButRunAborted="0" notRunnable="0" notExecuted="0" disconnected="0" warning="0" completed="0" inProgress="0" pending="0" />
  </ResultSummary>
  <TestDefinitions>
    <UnitTest name="TestMethod2" storage="c:\code\trunk\registrationserver\inspireregistationserver\testproject\bin\debug\testproject.dll" id="406ba890-327e-e1c2-468b-58a47238e470">
      <Execution id="c3e34ca7-3b65-471b-9405-bb6add239886" />
      <TestMethod codeBase="C:/CODE/trunk/RegistrationServer/InspireRegistationServer/TestProject/bin/Debug/TestProject.DLL" adapterTypeName="Microsoft.VisualStudio.TestTools.TestTypes.Unit.UnitTestAdapter, Microsoft.VisualStudio.QualityTools.Tips.UnitTest.Adapter, Version=10.0.0.0, Culture=neutral, PublicKeyToken=b03f5f7f11d50a3a" className="TestProject.UnitTest1, TestProject, Version=1.0.0.0, Culture=neutral, PublicKeyToken=null" name="TestMethod2" />
    </UnitTest>
    <UnitTest name="TestMethod1" storage="c:\code\trunk\registrationserver\inspireregistationserver\testproject\bin\debug\testproject.dll" id="24e109b5-ebac-7154-c0d0-91db5c99399f">
      <Execution id="a8c7ca91-691b-40ce-aa43-c434f36cdfa7" />
      <TestMethod codeBase="C:/CODE/trunk/RegistrationServer/InspireRegistationServer/TestProject/bin/Debug/TestProject.DLL" adapterTypeName="Microsoft.VisualStudio.TestTools.TestTypes.Unit.UnitTestAdapter, Microsoft.VisualStudio.QualityTools.Tips.UnitTest.Adapter, Version=10.0.0.0, Culture=neutral, PublicKeyToken=b03f5f7f11d50a3a" className="TestProject.UnitTest1, TestProject, Version=1.0.0.0, Culture=neutral, PublicKeyToken=null" name="TestMethod1" />
    </UnitTest>
  </TestDefinitions>
  <TestLists>
    <TestList name="Results Not in a List" id="8c84fa94-04c1-424b-9868-57a2d4851a1d" />
    <TestList name="All Loaded Results" id="19431567-8539-422a-85d7-44ee4e166bda" />
  </TestLists>
  <TestEntries>
    <TestEntry testId="24e109b5-ebac-7154-c0d0-91db5c99399f" executionId="a8c7ca91-691b-40ce-aa43-c434f36cdfa7" testListId="8c84fa94-04c1-424b-9868-57a2d4851a1d" />
    <TestEntry testId="406ba890-327e-e1c2-468b-58a47238e470" executionId="c3e34ca7-3b65-471b-9405-bb6add239886" testListId="8c84fa94-04c1-424b-9868-57a2d4851a1d" />
  </TestEntries>
  <Results>
    <UnitTestResult executionId="a8c7ca91-691b-40ce-aa43-c434f36cdfa7" testId="24e109b5-ebac-7154-c0d0-91db5c99399f" testName="TestMethod1" computerName="DONZI" duration="00:00:53.1149776" startTime="2011-05-14T10:31:38.5477696-04:00" endTime="2011-05-14T10:32:32.8018727-04:00" testType="13cdc9d9-ddb5-4fa4-a97d-d965ccfc6d4b" outcome="Passed" testListId="8c84fa94-04c1-424b-9868-57a2d4851a1d" relativeResultsDirectory="a8c7ca91-691b-40ce-aa43-c434f36cdfa7">
    </UnitTestResult>
    <UnitTestResult executionId="c3e34ca7-3b65-471b-9405-bb6add239886" testId="406ba890-327e-e1c2-468b-58a47238e470" testName="TestMethod2" computerName="DONZI" duration="00:00:00.0002852" startTime="2011-05-14T10:32:32.8148735-04:00" endTime="2011-05-14T10:32:32.8278742-04:00" testType="13cdc9d9-ddb5-4fa4-a97d-d965ccfc6d4b" outcome="Passed" testListId="8c84fa94-04c1-424b-9868-57a2d4851a1d" relativeResultsDirectory="c3e34ca7-3b65-471b-9405-bb6add239886">
    </UnitTestResult>
  </Results>
</TestRun>