<?xml version="1.0" encoding="UTF-8"?>
<TestRun id="5bfde532-fc61-4509-8d0c-210b347f63ab" name="jhaveard@INSPIRESERVER 2011-06-28 20:13:02" runUser="INSPIRESERVER\jhaveard" xmlns="http://microsoft.com/schemas/VisualStudio/TeamTest/2010">
  <TestSettings name="Local" id="9712338e-2f4b-4039-9438-e5d95e829e7e">
    <Description>These are default test settings for a local test run.</Description>
    <Deployment enabled="false" runDeploymentRoot="jhaveard_INSPIRESERVER 2011-06-28 20_13_02" />
    <Execution>
      <TestTypeSpecific />
      <AgentRule name="Execution Agents">
      </AgentRule>
    </Execution>
  </TestSettings>
  <Times creation="2011-06-28T20:13:02.9015404-04:00" queuing="2011-06-28T20:13:11.1410116-04:00" start="2011-06-28T20:13:11.3530238-04:00" finish="2011-06-28T20:13:13.4111415-04:00" />
  <ResultSummary outcome="Error">
    <Counters total="2" executed="1" error="0" failed="0" timeout="0" aborted="1" inconclusive="0" passedButRunAborted="0" notRunnable="0" notExecuted="1" disconnected="0" warning="0" passed="0" completed="0" inProgress="0" pending="0" />
    <RunInfos>
      <RunInfo computerName="INSPIRESERVER" outcome="Error" timestamp="2011-06-28T20:13:13.4091414-04:00">
        <Text>Test host process exited unexpectedly.</Text>
      </RunInfo>
    </RunInfos>
  </ResultSummary>
  <TestDefinitions>
    <UnitTest name="TestMethod2" storage="c:\code\trunk\registrationserver\inspireregistationserver\testproject\bin\debug\testproject.dll" id="406ba890-327e-e1c2-468b-58a47238e470">
      <Execution id="ff036e51-5924-4bed-b60f-33fada8fbf5a" />
      <TestMethod codeBase="C:/CODE/trunk/RegistrationServer/InspireRegistationServer/TestProject/bin/Debug/TestProject.DLL" adapterTypeName="Microsoft.VisualStudio.TestTools.TestTypes.Unit.UnitTestAdapter, Microsoft.VisualStudio.QualityTools.Tips.UnitTest.Adapter, Version=10.0.0.0, Culture=neutral, PublicKeyToken=b03f5f7f11d50a3a" className="TestProject.UnitTest1, TestProject, Version=1.0.0.0, Culture=neutral, PublicKeyToken=null" name="TestMethod2" />
    </UnitTest>
    <UnitTest name="TestMethod1" storage="c:\code\trunk\registrationserver\inspireregistationserver\testproject\bin\debug\testproject.dll" id="24e109b5-ebac-7154-c0d0-91db5c99399f">
      <Execution id="a778465d-7522-40b1-916c-1b89e60bbb4f" />
      <TestMethod codeBase="C:/CODE/trunk/RegistrationServer/InspireRegistationServer/TestProject/bin/Debug/TestProject.DLL" adapterTypeName="Microsoft.VisualStudio.TestTools.TestTypes.Unit.UnitTestAdapter, Microsoft.VisualStudio.QualityTools.Tips.UnitTest.Adapter, Version=10.0.0.0, Culture=neutral, PublicKeyToken=b03f5f7f11d50a3a" className="TestProject.UnitTest1, TestProject, Version=1.0.0.0, Culture=neutral, PublicKeyToken=null" name="TestMethod1" />
    </UnitTest>
  </TestDefinitions>
  <TestLists>
    <TestList name="Results Not in a List" id="8c84fa94-04c1-424b-9868-57a2d4851a1d" />
    <TestList name="All Loaded Results" id="19431567-8539-422a-85d7-44ee4e166bda" />
  </TestLists>
  <TestEntries>
    <TestEntry testId="24e109b5-ebac-7154-c0d0-91db5c99399f" executionId="a778465d-7522-40b1-916c-1b89e60bbb4f" testListId="8c84fa94-04c1-424b-9868-57a2d4851a1d" />
    <TestEntry testId="406ba890-327e-e1c2-468b-58a47238e470" executionId="ff036e51-5924-4bed-b60f-33fada8fbf5a" testListId="8c84fa94-04c1-424b-9868-57a2d4851a1d" />
  </TestEntries>
  <Results>
    <UnitTestResult executionId="a778465d-7522-40b1-916c-1b89e60bbb4f" testId="24e109b5-ebac-7154-c0d0-91db5c99399f" testName="TestMethod1" computerName="INSPIRESERVER" duration="00:00:01.8901081" startTime="2011-06-28T20:13:11.5210334-04:00" endTime="2011-06-28T20:13:13.4111415-04:00" testType="13cdc9d9-ddb5-4fa4-a97d-d965ccfc6d4b" outcome="Aborted" testListId="8c84fa94-04c1-424b-9868-57a2d4851a1d" relativeResultsDirectory="a778465d-7522-40b1-916c-1b89e60bbb4f">
    </UnitTestResult>
    <UnitTestResult executionId="ff036e51-5924-4bed-b60f-33fada8fbf5a" testId="406ba890-327e-e1c2-468b-58a47238e470" testName="TestMethod2" computerName="INSPIRESERVER" testType="13cdc9d9-ddb5-4fa4-a97d-d965ccfc6d4b" outcome="NotExecuted" testListId="8c84fa94-04c1-424b-9868-57a2d4851a1d" relativeResultsDirectory="ff036e51-5924-4bed-b60f-33fada8fbf5a">
    </UnitTestResult>
  </Results>
</TestRun>