<?xml version="1.0" encoding="UTF-8"?>
<TestRun id="0ba338e9-ecc5-4df6-b451-1b9598eb21ec" name="jhaveard@CAPEHORN 2009-10-06 20:38:25" runUser="CAPEHORN\jhaveard" xmlns="http://microsoft.com/schemas/VisualStudio/TeamTest/2006">
  <TestRunConfiguration name="Local Test Run" id="f87716d9-9b5a-43ed-b471-b2677316cf16">
    <Description>This is a default test run configuration for a local test run.</Description>
    <Deployment runDeploymentRoot="C:\CODE\InspireServer\Events Server\_RebuildAll\TestResults\jhaveard_CAPEHORN 2009-10-06 20_38_25">
      <DeploymentItem filename="C:\CODE\InspireServer\Events Server\Inspire.Server.Events\Inspire.Events\Source\Resource Access\Inspire.Feeds.DataAccess\bin\Debug\Inspire.Server.Events.DataAccess.dll" />
      <DeploymentItem filename="C:\CODE\InspireServer\Events Server\Inspire.Server.DirectionManager\Direction\Source\Service Interface\Direction.ServiceImplementation\bin\Debug\Inspire.Server.Direction.ServiceImplementation.dll" />
    </Deployment>
    <TestTypeSpecific />
  </TestRunConfiguration>
  <ResultSummary outcome="Error">
    <Counters total="2" executed="1" error="0" failed="0" timeout="0" aborted="1" inconclusive="0" passedButRunAborted="0" notRunnable="0" notExecuted="1" disconnected="0" warning="0" passed="0" completed="0" inProgress="0" pending="0" />
    <RunInfos>
      <RunInfo computerName="CAPEHORN" outcome="Error" timestamp="2009-10-06T20:38:32.4405655-04:00">
        <Text>Test host process exited unexpectedly.</Text>
      </RunInfo>
    </RunInfos>
  </ResultSummary>
  <Times creation="2009-10-06T20:38:25.4785655-04:00" queuing="2009-10-06T20:38:28.9925655-04:00" start="2009-10-06T20:38:29.2835655-04:00" finish="2009-10-06T20:38:32.4545655-04:00" />
  <TestDefinitions>
    <UnitTest name="UpdateEventFileFormatUsingEndpoint" storage="c:\code\inspireserver\events server\_rebuildall\events.unit.tests\bin\debug\events.unit.tests.dll" id="7d4d63fd-9be2-02c1-e3da-6f1b1f138a0d">
      <Css projectStructure="" iteration="" />
      <Owners>
        <Owner name="" />
      </Owners>
      <TestMethod codeBase="C:\CODE\InspireServer\Events Server\_RebuildAll\Events.Unit.Tests\bin\Debug\Events.Unit.Tests.dll" adapterTypeName="Microsoft.VisualStudio.TestTools.TestTypes.Unit.UnitTestAdapter, Microsoft.VisualStudio.QualityTools.Tips.UnitTest.Adapter, Version=9.0.0.0, Culture=neutral, PublicKeyToken=b03f5f7f11d50a3a" className="Events.Unit.Tests.EventTests, Events.Unit.Tests" name="UpdateEventFileFormatUsingEndpoint" />
    </UnitTest>
    <UnitTest name="LoadNewEvents" storage="c:\code\inspireserver\events server\_rebuildall\events.unit.tests\bin\debug\events.unit.tests.dll" id="b862f161-07fc-bd47-d9af-d26885785c72">
      <Css projectStructure="" iteration="" />
      <Owners>
        <Owner name="" />
      </Owners>
      <TestMethod codeBase="C:\CODE\InspireServer\Events Server\_RebuildAll\Events.Unit.Tests\bin\Debug\Events.Unit.Tests.dll" adapterTypeName="Microsoft.VisualStudio.TestTools.TestTypes.Unit.UnitTestAdapter, Microsoft.VisualStudio.QualityTools.Tips.UnitTest.Adapter, Version=9.0.0.0, Culture=neutral, PublicKeyToken=b03f5f7f11d50a3a" className="Events.Unit.Tests.EventTests, Events.Unit.Tests" name="LoadNewEvents" />
    </UnitTest>
  </TestDefinitions>
  <TestLists>
    <TestList name="Results Not in a List" id="8c84fa94-04c1-424b-9868-57a2d4851a1d" />
    <TestList name="All Loaded Results" id="19431567-8539-422a-85d7-44ee4e166bda" />
  </TestLists>
  <TestEntries>
    <TestEntry testId="b862f161-07fc-bd47-d9af-d26885785c72" executionId="3e6f434c-3089-4755-b026-b1a87307d38e" testListId="8c84fa94-04c1-424b-9868-57a2d4851a1d" />
    <TestEntry testId="7d4d63fd-9be2-02c1-e3da-6f1b1f138a0d" executionId="861eea8e-734e-472c-a3ad-6e023cb3c8a4" testListId="8c84fa94-04c1-424b-9868-57a2d4851a1d" />
  </TestEntries>
  <Results>
    <UnitTestResult executionId="3e6f434c-3089-4755-b026-b1a87307d38e" testId="b862f161-07fc-bd47-d9af-d26885785c72" testName="LoadNewEvents" computerName="CAPEHORN" duration="00:00:03.0490000" startTime="2009-10-06T20:38:29.4055655-04:00" endTime="2009-10-06T20:38:32.4545655-04:00" testType="13cdc9d9-ddb5-4fa4-a97d-d965ccfc6d4b" outcome="Aborted" testListId="8c84fa94-04c1-424b-9868-57a2d4851a1d">
    </UnitTestResult>
    <UnitTestResult executionId="861eea8e-734e-472c-a3ad-6e023cb3c8a4" testId="7d4d63fd-9be2-02c1-e3da-6f1b1f138a0d" testName="UpdateEventFileFormatUsingEndpoint" computerName="CAPEHORN" duration="00:00:00" startTime="0001-01-01T00:00:00.0000000-05:00" endTime="0001-01-01T00:00:00.0000000-05:00" testType="13cdc9d9-ddb5-4fa4-a97d-d965ccfc6d4b" outcome="NotExecuted" testListId="8c84fa94-04c1-424b-9868-57a2d4851a1d">
    </UnitTestResult>
  </Results>
</TestRun>